[INFO ] --- [2025-07-20 01:27:18] [APP_main.odin:31:main()] Raylib window opened
[INFO ] --- [2025-07-20 01:27:18] [APP_main.odin:41:main()] Raylib audio opened
[INFO ] --- [2025-07-20 01:27:18] [CONFIG_defaults.odin:8:CONFIG_set_default_configs()] Loading user configs
[INFO ] --- [2025-07-20 01:27:18] [CONFIG_manager.odin:90:CONFIG_apply_configs()] Config flags cleared: ConfigFlags{}
[INFO ] --- [2025-07-20 01:27:18] [CONFIG_manager.odin:91:CONFIG_apply_configs()] Config flags set: ConfigFlags{}
[INFO ] --- [2025-07-20 01:27:18] [CONFIG_manager.odin:95:CONFIG_apply_configs()] FPS set to: 60
[INFO ] --- [2025-07-20 01:27:18] [CONFIG_manager.odin:98:CONFIG_apply_configs()] screen size set to: 1152,768
[INFO ] --- [2025-07-20 01:27:18] [CONFIG_defaults.odin:30:CONFIG_init_configs()] Initial configs set
[INFO ] --- [2025-07-20 01:27:18] [FONT_fonts.odin:54:FONT_load_manager_A()] Font data loaded
[INFO ] --- [2025-07-20 01:27:18] [APP_render.odin:75:APP_load_render_manager_A()] Application render data loaded
[INFO ] --- [2025-07-20 01:27:18] [LEVEL_manager.odin:43:LEVEL_load_manager_A()] Level wiith tag Open read
[INFO ] --- [2025-07-20 01:27:18] [LEVEL_manager.odin:43:LEVEL_load_manager_A()] Level wiith tag Shell read
[INFO ] --- [2025-07-20 01:27:18] [LEVEL_manager.odin:43:LEVEL_load_manager_A()] Level wiith tag Almost read
[INFO ] --- [2025-07-20 01:27:18] [LEVEL_manager.odin:43:LEVEL_load_manager_A()] Level wiith tag Crosshair read
[INFO ] --- [2025-07-20 01:27:18] [LEVEL_manager.odin:43:LEVEL_load_manager_A()] Level wiith tag Dice3 read
[INFO ] --- [2025-07-20 01:27:18] [LEVEL_manager.odin:43:LEVEL_load_manager_A()] Level wiith tag Dice5 read
[INFO ] --- [2025-07-20 01:27:18] [LEVEL_manager.odin:43:LEVEL_load_manager_A()] Level wiith tag Dice6 read
[INFO ] --- [2025-07-20 01:27:18] [LEVEL_manager.odin:43:LEVEL_load_manager_A()] Level wiith tag Eye read
[INFO ] --- [2025-07-20 01:27:18] [LEVEL_manager.odin:43:LEVEL_load_manager_A()] Level wiith tag Ghost read
[INFO ] --- [2025-07-20 01:27:18] [LEVEL_manager.odin:43:LEVEL_load_manager_A()] Level wiith tag Han read
[INFO ] --- [2025-07-20 01:27:18] [LEVEL_manager.odin:43:LEVEL_load_manager_A()] Level wiith tag Hideyhole read
[INFO ] --- [2025-07-20 01:27:18] [LEVEL_manager.odin:43:LEVEL_load_manager_A()] Level wiith tag Highway read
[INFO ] --- [2025-07-20 01:27:18] [LEVEL_manager.odin:43:LEVEL_load_manager_A()] Level wiith tag Intersections read
[INFO ] --- [2025-07-20 01:27:18] [LEVEL_manager.odin:43:LEVEL_load_manager_A()] Level wiith tag JJ read
[INFO ] --- [2025-07-20 01:27:18] [LEVEL_manager.odin:43:LEVEL_load_manager_A()] Level wiith tag Randommaze read
[INFO ] --- [2025-07-20 01:27:18] [LEVEL_manager.odin:43:LEVEL_load_manager_A()] Level wiith tag Sidei read
[INFO ] --- [2025-07-20 01:27:18] [LEVEL_manager.odin:43:LEVEL_load_manager_A()] Level wiith tag Snakey read
[INFO ] --- [2025-07-20 01:27:18] [LEVEL_manager.odin:43:LEVEL_load_manager_A()] Level wiith tag Stacks read
[INFO ] --- [2025-07-20 01:27:18] [LEVEL_manager.odin:58:LEVEL_load_manager_A()] Level manager loaded
[INFO ] --- [2025-07-20 01:27:18] [GAME_game.odin:54:GAME_load_game_A()] Game data loaded
[INFO ] --- [2025-07-20 01:27:18] [TRANSITION_transitions.odin:109:TRANSITION_entry_game()] State Entering to main menu
[INFO ] --- [2025-07-20 01:27:18] [APP_app.odin:63:APP_load_app_A()] Application data loaded
[INFO ] --- [2025-07-20 01:27:30] [TRANSITION_transitions.odin:176:TRANSITION_from_main_menu_to_intro()] State transition from menu to intro
[INFO ] --- [2025-07-20 01:28:08] [TRANSITION_transitions.odin:186:TRANSITION_from_intro_to_game()] State transition from intro to game
[INFO ] --- [2025-07-20 01:28:08] [LEVEL_manager.odin:245:LEVEL_global_manager_set_level()] Warping to level Open
[INFO ] --- [2025-07-20 01:28:14] [TRANSITION_transitions.odin:167:TRANSITION_from_game_to_dialouge()] State transition from game to dialouge
[INFO ] --- [2025-07-20 01:28:16] [TRANSITION_transitions.odin:155:TRANSITION_from_dialouge_to_game()] State transition from dialouge to game
[INFO ] --- [2025-07-20 01:28:18] [TRANSITION_transitions.odin:167:TRANSITION_from_game_to_dialouge()] State transition from game to dialouge
[INFO ] --- [2025-07-20 01:28:29] [TRANSITION_transitions.odin:155:TRANSITION_from_dialouge_to_game()] State transition from dialouge to game
[INFO ] --- [2025-07-20 01:28:29] [TRANSITION_transitions.odin:167:TRANSITION_from_game_to_dialouge()] State transition from game to dialouge
[INFO ] --- [2025-07-20 01:28:30] [TRANSITION_transitions.odin:155:TRANSITION_from_dialouge_to_game()] State transition from dialouge to game
[INFO ] --- [2025-07-20 01:28:31] [LEVEL_room.odin:50:LEVEL_global_world_set_room()] Warping to room 3
[INFO ] --- [2025-07-20 01:28:31] [LEVEL_manager.odin:245:LEVEL_global_manager_set_level()] Warping to level Randommaze
[INFO ] --- [2025-07-20 01:28:31] [TRANSITION_transitions.odin:221:TRANSITION_from_level_to_level()] State transition from level to level
[WARN ] --- [2025-07-20 01:28:35] [LEVEL_collision_correct.odin:31:LEVEL_correct_circle_collision()] Circle Circle{x = 386.35672, y = 387.22577, r = 10} is checking collision when already colliding
[INFO ] --- [2025-07-20 01:28:36] [SHIP_ship.odin:206:SHIP_try_take_damage()] Dealt 6 dmg to ship 1
[INFO ] --- [2025-07-20 01:28:36] [SHIP_ship.odin:206:SHIP_try_take_damage()] Dealt 6 dmg to ship 1
[INFO ] --- [2025-07-20 01:28:36] [SHIP_ship.odin:206:SHIP_try_take_damage()] Dealt 6 dmg to ship 1
[INFO ] --- [2025-07-20 01:28:36] [SHIP_ship.odin:206:SHIP_try_take_damage()] Dealt 6 dmg to ship 1
[INFO ] --- [2025-07-20 01:28:36] [SHIP_ship.odin:206:SHIP_try_take_damage()] Dealt 6 dmg to ship 1
[INFO ] --- [2025-07-20 01:28:36] [SHIP_ship.odin:206:SHIP_try_take_damage()] Dealt 6 dmg to ship 1
[WARN ] --- [2025-07-20 01:28:36] [LEVEL_collision_correct.odin:31:LEVEL_correct_circle_collision()] Circle Circle{x = 290.40689, y = 284.82635, r = 10} is checking collision when already colliding
[WARN ] --- [2025-07-20 01:28:36] [LEVEL_collision_correct.odin:31:LEVEL_correct_circle_collision()] Circle Circle{x = 311.45782, y = 293.99509, r = 10} is checking collision when already colliding
[WARN ] --- [2025-07-20 01:28:36] [LEVEL_collision_correct.odin:31:LEVEL_correct_circle_collision()] Circle Circle{x = 332.82635, y = 285.5931, r = 10} is checking collision when already colliding
[WARN ] --- [2025-07-20 01:28:36] [LEVEL_collision_correct.odin:31:LEVEL_correct_circle_collision()] Circle Circle{x = 333.5931, y = 243.17365, r = 10} is checking collision when already colliding
[WARN ] --- [2025-07-20 01:28:36] [LEVEL_collision_correct.odin:31:LEVEL_correct_circle_collision()] Circle Circle{x = 312.54218, y = 234.004898, r = 10} is checking collision when already colliding
[WARN ] --- [2025-07-20 01:28:36] [LEVEL_collision_correct.odin:31:LEVEL_correct_circle_collision()] Circle Circle{x = 291.17365, y = 242.40689, r = 10} is checking collision when already colliding
[INFO ] --- [2025-07-20 01:28:36] [SHIP_ship.odin:206:SHIP_try_take_damage()] Dealt 6 dmg to ship 1
[INFO ] --- [2025-07-20 01:28:36] [SHIP_ship.odin:206:SHIP_try_take_damage()] Dealt 6 dmg to ship 1
[INFO ] --- [2025-07-20 01:28:37] [SHIP_ship.odin:206:SHIP_try_take_damage()] Dealt 21 dmg to ship 0
[WARN ] --- [2025-07-20 01:28:37] [LEVEL_collision_correct.odin:31:LEVEL_correct_circle_collision()] Circle Circle{x = 290.40689, y = 284.82635, r = 10} is checking collision when already colliding
[WARN ] --- [2025-07-20 01:28:37] [LEVEL_collision_correct.odin:31:LEVEL_correct_circle_collision()] Circle Circle{x = 311.45782, y = 293.99509, r = 10} is checking collision when already colliding
[WARN ] --- [2025-07-20 01:28:37] [LEVEL_collision_correct.odin:31:LEVEL_correct_circle_collision()] Circle Circle{x = 332.82635, y = 285.5931, r = 10} is checking collision when already colliding
[WARN ] --- [2025-07-20 01:28:37] [LEVEL_collision_correct.odin:31:LEVEL_correct_circle_collision()] Circle Circle{x = 333.5931, y = 243.17365, r = 10} is checking collision when already colliding
[WARN ] --- [2025-07-20 01:28:37] [LEVEL_collision_correct.odin:31:LEVEL_correct_circle_collision()] Circle Circle{x = 312.54218, y = 234.004898, r = 10} is checking collision when already colliding
[WARN ] --- [2025-07-20 01:28:37] [LEVEL_collision_correct.odin:31:LEVEL_correct_circle_collision()] Circle Circle{x = 291.17365, y = 242.40689, r = 10} is checking collision when already colliding
[WARN ] --- [2025-07-20 01:28:37] [LEVEL_collision_correct.odin:31:LEVEL_correct_circle_collision()] Circle Circle{x = 381.05429, y = 394.8118, r = 10} is checking collision when already colliding
[WARN ] --- [2025-07-20 01:28:37] [LEVEL_collision_correct.odin:31:LEVEL_correct_circle_collision()] Circle Circle{x = 302.16379, y = 292.34164, r = 10} is checking collision when already colliding
[WARN ] --- [2025-07-20 01:28:37] [LEVEL_collision_correct.odin:31:LEVEL_correct_circle_collision()] Circle Circle{x = 325.08533, y = 290.99582, r = 10} is checking collision when already colliding
[WARN ] --- [2025-07-20 01:28:37] [LEVEL_collision_correct.odin:31:LEVEL_correct_circle_collision()] Circle Circle{x = 321.8362, y = 235.65836, r = 10} is checking collision when already colliding
[WARN ] --- [2025-07-20 01:28:37] [LEVEL_collision_correct.odin:31:LEVEL_correct_circle_collision()] Circle Circle{x = 298.91467, y = 237.00418, r = 10} is checking collision when already colliding
[WARN ] --- [2025-07-20 01:28:39] [LEVEL_collision_correct.odin:31:LEVEL_correct_circle_collision()] Circle Circle{x = 379.9291, y = 397.41577, r = 10} is checking collision when already colliding
[WARN ] --- [2025-07-20 01:28:41] [LEVEL_collision_correct.odin:31:LEVEL_correct_circle_collision()] Circle Circle{x = 291.59946, y = 285.99585, r = 10} is checking collision when already colliding
[WARN ] --- [2025-07-20 01:28:41] [LEVEL_collision_correct.odin:31:LEVEL_correct_circle_collision()] Circle Circle{x = 313.12805, y = 293.97879, r = 10} is checking collision when already colliding
[WARN ] --- [2025-07-20 01:28:41] [LEVEL_collision_correct.odin:31:LEVEL_correct_circle_collision()] Circle Circle{x = 333.99585, y = 284.40054, r = 10} is checking collision when already colliding
[WARN ] --- [2025-07-20 01:28:41] [LEVEL_collision_correct.odin:31:LEVEL_correct_circle_collision()] Circle Circle{x = 332.40054, y = 242.00415, r = 10} is checking collision when already colliding
[WARN ] --- [2025-07-20 01:28:41] [LEVEL_collision_correct.odin:31:LEVEL_correct_circle_collision()] Circle Circle{x = 310.87195, y = 234.02121, r = 10} is checking collision when already colliding
[WARN ] --- [2025-07-20 01:28:41] [LEVEL_collision_correct.odin:31:LEVEL_correct_circle_collision()] Circle Circle{x = 290.00415, y = 243.59946, r = 10} is checking collision when already colliding
[WARN ] --- [2025-07-20 01:28:41] [LEVEL_collision_correct.odin:31:LEVEL_correct_circle_collision()] Circle Circle{x = 379.9291, y = 397.41577, r = 10} is checking collision when already colliding
[INFO ] --- [2025-07-20 01:28:41] [SHIP_ship.odin:206:SHIP_try_take_damage()] Dealt 21 dmg to ship 0
[WARN ] --- [2025-07-20 01:28:41] [LEVEL_collision_correct.odin:31:LEVEL_correct_circle_collision()] Circle Circle{x = 291.59946, y = 285.99585, r = 10} is checking collision when already colliding
[WARN ] --- [2025-07-20 01:28:41] [LEVEL_collision_correct.odin:31:LEVEL_correct_circle_collision()] Circle Circle{x = 313.12805, y = 293.97879, r = 10} is checking collision when already colliding
[WARN ] --- [2025-07-20 01:28:41] [LEVEL_collision_correct.odin:31:LEVEL_correct_circle_collision()] Circle Circle{x = 333.99585, y = 284.40054, r = 10} is checking collision when already colliding
[WARN ] --- [2025-07-20 01:28:41] [LEVEL_collision_correct.odin:31:LEVEL_correct_circle_collision()] Circle Circle{x = 332.40054, y = 242.00415, r = 10} is checking collision when already colliding
[WARN ] --- [2025-07-20 01:28:41] [LEVEL_collision_correct.odin:31:LEVEL_correct_circle_collision()] Circle Circle{x = 310.87195, y = 234.02121, r = 10} is checking collision when already colliding
[WARN ] --- [2025-07-20 01:28:41] [LEVEL_collision_correct.odin:31:LEVEL_correct_circle_collision()] Circle Circle{x = 290.00415, y = 243.59946, r = 10} is checking collision when already colliding
[WARN ] --- [2025-07-20 01:28:42] [LEVEL_collision_correct.odin:31:LEVEL_correct_circle_collision()] Circle Circle{x = 291.59946, y = 285.99585, r = 10} is checking collision when already colliding
[WARN ] --- [2025-07-20 01:28:42] [LEVEL_collision_correct.odin:31:LEVEL_correct_circle_collision()] Circle Circle{x = 313.12805, y = 293.97879, r = 10} is checking collision when already colliding
[WARN ] --- [2025-07-20 01:28:42] [LEVEL_collision_correct.odin:31:LEVEL_correct_circle_collision()] Circle Circle{x = 333.99585, y = 284.40054, r = 10} is checking collision when already colliding
[WARN ] --- [2025-07-20 01:28:42] [LEVEL_collision_correct.odin:31:LEVEL_correct_circle_collision()] Circle Circle{x = 332.40054, y = 242.00415, r = 10} is checking collision when already colliding
[WARN ] --- [2025-07-20 01:28:42] [LEVEL_collision_correct.odin:31:LEVEL_correct_circle_collision()] Circle Circle{x = 310.87195, y = 234.02121, r = 10} is checking collision when already colliding
[WARN ] --- [2025-07-20 01:28:42] [LEVEL_collision_correct.odin:31:LEVEL_correct_circle_collision()] Circle Circle{x = 290.00415, y = 243.59946, r = 10} is checking collision when already colliding
[INFO ] --- [2025-07-20 01:28:42] [SHIP_ship.odin:206:SHIP_try_take_damage()] Dealt 21 dmg to ship 0
[WARN ] --- [2025-07-20 01:28:43] [LEVEL_collision_correct.odin:31:LEVEL_correct_circle_collision()] Circle Circle{x = 379.9291, y = 397.41577, r = 10} is checking collision when already colliding
[WARN ] --- [2025-07-20 01:28:45] [LEVEL_collision_correct.odin:31:LEVEL_correct_circle_collision()] Circle Circle{x = 379.8268, y = 397.69119, r = 10} is checking collision when already colliding
[WARN ] --- [2025-07-20 01:28:45] [LEVEL_collision_correct.odin:31:LEVEL_correct_circle_collision()] Circle Circle{x = 292.47763, y = 286.77887, r = 10} is checking collision when already colliding
[WARN ] --- [2025-07-20 01:28:45] [LEVEL_collision_correct.odin:31:LEVEL_correct_circle_collision()] Circle Circle{x = 314.30267, y = 293.9115, r = 10} is checking collision when already colliding
[WARN ] --- [2025-07-20 01:28:45] [LEVEL_collision_correct.odin:31:LEVEL_correct_circle_collision()] Circle Circle{x = 334.77887, y = 283.52237, r = 10} is checking collision when already colliding
[WARN ] --- [2025-07-20 01:28:45] [LEVEL_collision_correct.odin:31:LEVEL_correct_circle_collision()] Circle Circle{x = 331.52237, y = 241.22113, r = 10} is checking collision when already colliding
[WARN ] --- [2025-07-20 01:28:45] [LEVEL_collision_correct.odin:31:LEVEL_correct_circle_collision()] Circle Circle{x = 309.69733, y = 234.0885, r = 10} is checking collision when already colliding
[WARN ] --- [2025-07-20 01:28:45] [LEVEL_collision_correct.odin:31:LEVEL_correct_circle_collision()] Circle Circle{x = 289.22113, y = 244.47763, r = 10} is checking collision when already colliding
[WARN ] --- [2025-07-20 01:28:46] [LEVEL_collision_correct.odin:31:LEVEL_correct_circle_collision()] Circle Circle{x = 292.47763, y = 286.77887, r = 10} is checking collision when already colliding
[WARN ] --- [2025-07-20 01:28:46] [LEVEL_collision_correct.odin:31:LEVEL_correct_circle_collision()] Circle Circle{x = 314.30267, y = 293.9115, r = 10} is checking collision when already colliding
[WARN ] --- [2025-07-20 01:28:46] [LEVEL_collision_correct.odin:31:LEVEL_correct_circle_collision()] Circle Circle{x = 334.77887, y = 283.52237, r = 10} is checking collision when already colliding
[WARN ] --- [2025-07-20 01:28:46] [LEVEL_collision_correct.odin:31:LEVEL_correct_circle_collision()] Circle Circle{x = 331.52237, y = 241.22113, r = 10} is checking collision when already colliding
[WARN ] --- [2025-07-20 01:28:46] [LEVEL_collision_correct.odin:31:LEVEL_correct_circle_collision()] Circle Circle{x = 309.69733, y = 234.0885, r = 10} is checking collision when already colliding
[WARN ] --- [2025-07-20 01:28:46] [LEVEL_collision_correct.odin:31:LEVEL_correct_circle_collision()] Circle Circle{x = 289.22113, y = 244.47763, r = 10} is checking collision when already colliding
[WARN ] --- [2025-07-20 01:28:46] [LEVEL_collision_correct.odin:31:LEVEL_correct_circle_collision()] Circle Circle{x = 292.47763, y = 286.77887, r = 10} is checking collision when already colliding
[WARN ] --- [2025-07-20 01:28:46] [LEVEL_collision_correct.odin:31:LEVEL_correct_circle_collision()] Circle Circle{x = 314.30267, y = 293.9115, r = 10} is checking collision when already colliding
[WARN ] --- [2025-07-20 01:28:46] [LEVEL_collision_correct.odin:31:LEVEL_correct_circle_collision()] Circle Circle{x = 334.77887, y = 283.52237, r = 10} is checking collision when already colliding
[WARN ] --- [2025-07-20 01:28:46] [LEVEL_collision_correct.odin:31:LEVEL_correct_circle_collision()] Circle Circle{x = 331.52237, y = 241.22113, r = 10} is checking collision when already colliding
[WARN ] --- [2025-07-20 01:28:46] [LEVEL_collision_correct.odin:31:LEVEL_correct_circle_collision()] Circle Circle{x = 309.69733, y = 234.0885, r = 10} is checking collision when already colliding
[WARN ] --- [2025-07-20 01:28:46] [LEVEL_collision_correct.odin:31:LEVEL_correct_circle_collision()] Circle Circle{x = 289.22113, y = 244.47763, r = 10} is checking collision when already colliding
[WARN ] --- [2025-07-20 01:28:47] [LEVEL_collision_correct.odin:31:LEVEL_correct_circle_collision()] Circle Circle{x = 380.58035, y = 395.82782, r = 10} is checking collision when already colliding
[WARN ] --- [2025-07-20 01:28:49] [LEVEL_collision_correct.odin:31:LEVEL_correct_circle_collision()] Circle Circle{x = 380.19308, y = 396.74057, r = 10} is checking collision when already colliding
[WARN ] --- [2025-07-20 01:28:50] [LEVEL_collision_correct.odin:31:LEVEL_correct_circle_collision()] Circle Circle{x = 291.27463, y = 285.69006, r = 10} is checking collision when already colliding
[WARN ] --- [2025-07-20 01:28:50] [LEVEL_collision_correct.odin:31:LEVEL_correct_circle_collision()] Circle Circle{x = 312.68213, y = 293.99225, r = 10} is checking collision when already colliding
[WARN ] --- [2025-07-20 01:28:50] [LEVEL_collision_correct.odin:31:LEVEL_correct_circle_collision()] Circle Circle{x = 333.69006, y = 284.72537, r = 10} is checking collision when already colliding
[WARN ] --- [2025-07-20 01:28:50] [LEVEL_collision_correct.odin:31:LEVEL_correct_circle_collision()] Circle Circle{x = 332.72537, y = 242.30994, r = 10} is checking collision when already colliding
[WARN ] --- [2025-07-20 01:28:50] [LEVEL_collision_correct.odin:31:LEVEL_correct_circle_collision()] Circle Circle{x = 311.31787, y = 234.00775, r = 10} is checking collision when already colliding
[WARN ] --- [2025-07-20 01:28:50] [LEVEL_collision_correct.odin:31:LEVEL_correct_circle_collision()] Circle Circle{x = 290.30994, y = 243.274628, r = 10} is checking collision when already colliding
[INFO ] --- [2025-07-20 01:28:50] [SHIP_ship.odin:206:SHIP_try_take_damage()] Dealt 21 dmg to ship 0
[WARN ] --- [2025-07-20 01:28:50] [LEVEL_collision_correct.odin:31:LEVEL_correct_circle_collision()] Circle Circle{x = 291.27463, y = 285.69006, r = 10} is checking collision when already colliding
[WARN ] --- [2025-07-20 01:28:50] [LEVEL_collision_correct.odin:31:LEVEL_correct_circle_collision()] Circle Circle{x = 312.68213, y = 293.99225, r = 10} is checking collision when already colliding
[WARN ] --- [2025-07-20 01:28:50] [LEVEL_collision_correct.odin:31:LEVEL_correct_circle_collision()] Circle Circle{x = 333.69006, y = 284.72537, r = 10} is checking collision when already colliding
[WARN ] --- [2025-07-20 01:28:50] [LEVEL_collision_correct.odin:31:LEVEL_correct_circle_collision()] Circle Circle{x = 332.72537, y = 242.30994, r = 10} is checking collision when already colliding
[WARN ] --- [2025-07-20 01:28:50] [LEVEL_collision_correct.odin:31:LEVEL_correct_circle_collision()] Circle Circle{x = 311.31787, y = 234.00775, r = 10} is checking collision when already colliding
[WARN ] --- [2025-07-20 01:28:50] [LEVEL_collision_correct.odin:31:LEVEL_correct_circle_collision()] Circle Circle{x = 290.30994, y = 243.274628, r = 10} is checking collision when already colliding
[WARN ] --- [2025-07-20 01:28:51] [LEVEL_collision_correct.odin:31:LEVEL_correct_circle_collision()] Circle Circle{x = 291.27463, y = 285.69006, r = 10} is checking collision when already colliding
[WARN ] --- [2025-07-20 01:28:51] [LEVEL_collision_correct.odin:31:LEVEL_correct_circle_collision()] Circle Circle{x = 312.68213, y = 293.99225, r = 10} is checking collision when already colliding
[WARN ] --- [2025-07-20 01:28:51] [LEVEL_collision_correct.odin:31:LEVEL_correct_circle_collision()] Circle Circle{x = 333.69006, y = 284.72537, r = 10} is checking collision when already colliding
[WARN ] --- [2025-07-20 01:28:51] [LEVEL_collision_correct.odin:31:LEVEL_correct_circle_collision()] Circle Circle{x = 332.72537, y = 242.30994, r = 10} is checking collision when already colliding
[WARN ] --- [2025-07-20 01:28:51] [LEVEL_collision_correct.odin:31:LEVEL_correct_circle_collision()] Circle Circle{x = 311.31787, y = 234.00775, r = 10} is checking collision when already colliding
[WARN ] --- [2025-07-20 01:28:51] [LEVEL_collision_correct.odin:31:LEVEL_correct_circle_collision()] Circle Circle{x = 290.30994, y = 243.274628, r = 10} is checking collision when already colliding
[WARN ] --- [2025-07-20 01:28:51] [LEVEL_collision_correct.odin:31:LEVEL_correct_circle_collision()] Circle Circle{x = 380.19308, y = 396.74057, r = 10} is checking collision when already colliding
[INFO ] --- [2025-07-20 01:28:51] [SHIP_ship.odin:206:SHIP_try_take_damage()] Dealt 21 dmg to ship 0
[INFO ] --- [2025-07-20 01:28:51] [SHIP_ship.odin:214:SHIP_kill()] Killed ship 0
[INFO ] --- [2025-07-20 01:28:51] [GAME_game.odin:86:GAME_global_player_die()] Player died. Starting outro
[INFO ] --- [2025-07-20 01:28:51] [TRANSITION_transitions.odin:124:TRANSITION_from_game_to_outro()] State transition from game to outro
[INFO ] --- [2025-07-20 01:28:53] [APP_main.odin:63:main()] Exited application loop
[INFO ] --- [2025-07-20 01:28:53] [CONFIG_manager.odin:31:CONFIG_save_configs()] Saving user configs
[INFO ] --- [2025-07-20 01:28:53] [LEVEL_manager.odin:69:LEVEL_destroy_manager_D()] Level manager destroyed
[INFO ] --- [2025-07-20 01:28:53] [LEVEL_minimap.odin:35:LEVEL_destroy_minimap_D()] Minimap data destroyed
[INFO ] --- [2025-07-20 01:28:53] [LEVEL_world.odin:545:LEVEL_destroy_world_D()] World data destroyed
[INFO ] --- [2025-07-20 01:28:53] [GAME_game.odin:68:GAME_destroy_game_D()] Game data destroyed
[INFO ] --- [2025-07-20 01:28:53] [FONT_fonts.odin:62:FONT_destroy_manager_D()] Font data destroyed
[INFO ] --- [2025-07-20 01:28:53] [APP_render.odin:89:APP_destroy_render_manager_D()] Application render data destroyed
[INFO ] --- [2025-07-20 01:28:53] [APP_app.odin:93:APP_destroy_app_D()] Application data destroyed
[INFO ] --- [2025-07-20 01:28:53] [APP_main.odin:76:APP_shutdown()] Goodbye
