[INFO ] --- [2025-07-20 13:30:48] [APP_main.odin:31:main()] Raylib window opened
[INFO ] --- [2025-07-20 13:30:48] [APP_main.odin:41:main()] Raylib audio opened
[INFO ] --- [2025-07-20 13:30:48] [CONFIG_defaults.odin:8:CONFIG_set_default_configs()] Loading user configs
[INFO ] --- [2025-07-20 13:30:48] [CONFIG_manager.odin:90:CONFIG_apply_configs()] Config flags cleared: ConfigFlags{}
[INFO ] --- [2025-07-20 13:30:48] [CONFIG_manager.odin:91:CONFIG_apply_configs()] Config flags set: ConfigFlags{}
[INFO ] --- [2025-07-20 13:30:48] [CONFIG_manager.odin:95:CONFIG_apply_configs()] FPS set to: 60
[INFO ] --- [2025-07-20 13:30:48] [CONFIG_manager.odin:98:CONFIG_apply_configs()] screen size set to: 1152,768
[INFO ] --- [2025-07-20 13:30:48] [CONFIG_defaults.odin:30:CONFIG_init_configs()] Initial configs set
[INFO ] --- [2025-07-20 13:30:48] [FONT_fonts.odin:58:FONT_load_manager_A()] Font data loaded
[INFO ] --- [2025-07-20 13:30:48] [APP_render.odin:75:APP_load_render_manager_A()] Application render data loaded
[INFO ] --- [2025-07-20 13:30:48] [LEVEL_manager.odin:43:LEVEL_load_manager_A()] Level wiith tag Open read
[INFO ] --- [2025-07-20 13:30:48] [LEVEL_manager.odin:43:LEVEL_load_manager_A()] Level wiith tag Shell read
[INFO ] --- [2025-07-20 13:30:48] [LEVEL_manager.odin:43:LEVEL_load_manager_A()] Level wiith tag Almost read
[INFO ] --- [2025-07-20 13:30:48] [LEVEL_manager.odin:43:LEVEL_load_manager_A()] Level wiith tag Crosshair read
[INFO ] --- [2025-07-20 13:30:48] [LEVEL_manager.odin:43:LEVEL_load_manager_A()] Level wiith tag Dice3 read
[INFO ] --- [2025-07-20 13:30:48] [LEVEL_manager.odin:43:LEVEL_load_manager_A()] Level wiith tag Dice5 read
[INFO ] --- [2025-07-20 13:30:48] [LEVEL_manager.odin:43:LEVEL_load_manager_A()] Level wiith tag Dice6 read
[INFO ] --- [2025-07-20 13:30:48] [LEVEL_manager.odin:43:LEVEL_load_manager_A()] Level wiith tag Eye read
[INFO ] --- [2025-07-20 13:30:48] [LEVEL_manager.odin:43:LEVEL_load_manager_A()] Level wiith tag Ghost read
[INFO ] --- [2025-07-20 13:30:48] [LEVEL_manager.odin:43:LEVEL_load_manager_A()] Level wiith tag Han read
[INFO ] --- [2025-07-20 13:30:48] [LEVEL_manager.odin:43:LEVEL_load_manager_A()] Level wiith tag Hideyhole read
[INFO ] --- [2025-07-20 13:30:48] [LEVEL_manager.odin:43:LEVEL_load_manager_A()] Level wiith tag Highway read
[INFO ] --- [2025-07-20 13:30:48] [LEVEL_manager.odin:43:LEVEL_load_manager_A()] Level wiith tag Intersections read
[INFO ] --- [2025-07-20 13:30:48] [LEVEL_manager.odin:43:LEVEL_load_manager_A()] Level wiith tag JJ read
[INFO ] --- [2025-07-20 13:30:48] [LEVEL_manager.odin:43:LEVEL_load_manager_A()] Level wiith tag Randommaze read
[INFO ] --- [2025-07-20 13:30:48] [LEVEL_manager.odin:43:LEVEL_load_manager_A()] Level wiith tag Sidei read
[INFO ] --- [2025-07-20 13:30:48] [LEVEL_manager.odin:43:LEVEL_load_manager_A()] Level wiith tag Snakey read
[INFO ] --- [2025-07-20 13:30:48] [LEVEL_manager.odin:43:LEVEL_load_manager_A()] Level wiith tag Stacks read
[INFO ] --- [2025-07-20 13:30:48] [LEVEL_manager.odin:58:LEVEL_load_manager_A()] Level manager loaded
[INFO ] --- [2025-07-20 13:30:48] [GAME_game.odin:56:GAME_load_game_A()] Game data loaded
[INFO ] --- [2025-07-20 13:30:48] [TRANSITION_transitions.odin:109:TRANSITION_entry_game()] State Entering to main menu
[INFO ] --- [2025-07-20 13:30:48] [APP_app.odin:63:APP_load_app_A()] Application data loaded
[INFO ] --- [2025-07-20 13:31:09] [APP_main.odin:63:main()] Exited application loop
[INFO ] --- [2025-07-20 13:31:09] [CONFIG_manager.odin:31:CONFIG_save_configs()] Saving user configs
[INFO ] --- [2025-07-20 13:31:09] [LEVEL_manager.odin:69:LEVEL_destroy_manager_D()] Level manager destroyed
[INFO ] --- [2025-07-20 13:31:09] [LEVEL_minimap.odin:35:LEVEL_destroy_minimap_D()] Minimap data destroyed
[INFO ] --- [2025-07-20 13:31:09] [LEVEL_world.odin:588:LEVEL_destroy_world_D()] World data destroyed
[INFO ] --- [2025-07-20 13:31:09] [GAME_game.odin:70:GAME_destroy_game_D()] Game data destroyed
[INFO ] --- [2025-07-20 13:31:09] [FONT_fonts.odin:66:FONT_destroy_manager_D()] Font data destroyed
[INFO ] --- [2025-07-20 13:31:09] [APP_render.odin:89:APP_destroy_render_manager_D()] Application render data destroyed
[INFO ] --- [2025-07-20 13:31:09] [APP_app.odin:93:APP_destroy_app_D()] Application data destroyed
[INFO ] --- [2025-07-20 13:31:09] [APP_main.odin:76:APP_shutdown()] Goodbye
